<?xml version="1.0" encoding="UTF-8" standalone="yes"?><!DOCTYPE report PUBLIC "-//JACOCO//DTD Report 1.1//EN" "report.dtd"><report name="receipt-management"><sessioninfo id="Georges-MacBook-Pro.local-9dc52d9a" start="1762634635271" dump="1762634635689"/><sessioninfo id="Georges-MacBook-Pro.local-b57142ed" start="1762634806243" dump="1762634806667"/><sessioninfo id="Georges-MacBook-Pro.local-26ce262c" start="1762635270810" dump="1762635271219"/><package name="project"><class name="project/Role" sourcefilename="Role.java"><method name="&lt;clinit&gt;" desc="()V" line="3"><counter type="INSTRUCTION" missed="0" covered="27"/><counter type="LINE" missed="0" covered="5"/><counter type="COMPLEXITY" missed="0" covered="1"/><counter type="METHOD" missed="0" covered="1"/></method><counter type="INSTRUCTION" missed="0" covered="27"/><counter type="LINE" missed="0" covered="5"/><counter type="COMPLEXITY" missed="0" covered="1"/><counter type="METHOD" missed="0" covered="1"/><counter type="CLASS" missed="0" covered="1"/></class><class name="project/Status" sourcefilename="Status.java"><method name="&lt;clinit&gt;" desc="()V" line="3"><counter type="INSTRUCTION" missed="0" covered="21"/><counter type="LINE" missed="0" covered="4"/><counter type="COMPLEXITY" missed="0" covered="1"/><counter type="METHOD" missed="0" covered="1"/></method><counter type="INSTRUCTION" missed="0" covered="21"/><counter type="LINE" missed="0" covered="4"/><counter type="COMPLEXITY" missed="0" covered="1"/><counter type="METHOD" missed="0" covered="1"/><counter type="CLASS" missed="0" covered="1"/></class><class name="project/Receipt" sourcefilename="Receipt.java"><method name="&lt;init&gt;" desc="(Lproject/User;DLjava/time/LocalDate;Ljava/lang/String;Ljava/lang/String;)V" line="24"><counter type="INSTRUCTION" missed="0" covered="28"/><counter type="LINE" missed="0" covered="9"/><counter type="COMPLEXITY" missed="0" covered="1"/><counter type="METHOD" missed="0" covered="1"/></method><method name="approve" desc="(Lproject/User;)V" line="37"><counter type="INSTRUCTION" missed="0" covered="15"/><counter type="LINE" missed="0" covered="5"/><counter type="COMPLEXITY" missed="0" covered="1"/><counter type="METHOD" missed="0" covered="1"/></method><method name="reject" desc="(Lproject/User;Ljava/lang/String;)V" line="46"><counter type="INSTRUCTION" missed="0" covered="20"/><counter type="LINE" missed="0" covered="6"/><counter type="COMPLEXITY" missed="0" covered="1"/><counter type="METHOD" missed="0" covered="1"/></method><method name="handle" desc="(Lproject/User;)V" line="56"><counter type="INSTRUCTION" missed="0" covered="12"/><counter type="LINE" missed="0" covered="4"/><counter type="COMPLEXITY" missed="0" covered="1"/><counter type="METHOD" missed="0" covered="1"/></method><method name="getReason" desc="()Ljava/lang/String;" line="64"><counter type="INSTRUCTION" missed="0" covered="3"/><counter type="LINE" missed="0" covered="1"/><counter type="COMPLEXITY" missed="0" covered="1"/><counter type="METHOD" missed="0" covered="1"/></method><method name="getAccountant" desc="()Lproject/User;" line="69"><counter type="INSTRUCTION" missed="0" covered="3"/><counter type="LINE" missed="0" covered="1"/><counter type="COMPLEXITY" missed="0" covered="1"/><counter type="METHOD" missed="0" covered="1"/></method><method name="getAccountantDate" desc="()Ljava/time/LocalDate;" line="74"><counter type="INSTRUCTION" missed="0" covered="3"/><counter type="LINE" missed="0" covered="1"/><counter type="COMPLEXITY" missed="0" covered="1"/><counter type="METHOD" missed="0" covered="1"/></method><method name="getStatus" desc="()Lproject/Status;" line="79"><counter type="INSTRUCTION" missed="0" covered="3"/><counter type="LINE" missed="0" covered="1"/><counter type="COMPLEXITY" missed="0" covered="1"/><counter type="METHOD" missed="0" covered="1"/></method><method name="getReceiptId" desc="()I" line="84"><counter type="INSTRUCTION" missed="0" covered="3"/><counter type="LINE" missed="0" covered="1"/><counter type="COMPLEXITY" missed="0" covered="1"/><counter type="METHOD" missed="0" covered="1"/></method><method name="getAmount" desc="()D" line="89"><counter type="INSTRUCTION" missed="0" covered="3"/><counter type="LINE" missed="0" covered="1"/><counter type="COMPLEXITY" missed="0" covered="1"/><counter type="METHOD" missed="0" covered="1"/></method><method name="getDate" desc="()Ljava/time/LocalDate;" line="94"><counter type="INSTRUCTION" missed="3" covered="0"/><counter type="LINE" missed="1" covered="0"/><counter type="COMPLEXITY" missed="1" covered="0"/><counter type="METHOD" missed="1" covered="0"/></method><method name="getDescription" desc="()Ljava/lang/String;" line="99"><counter type="INSTRUCTION" missed="0" covered="3"/><counter type="LINE" missed="0" covered="1"/><counter type="COMPLEXITY" missed="0" covered="1"/><counter type="METHOD" missed="0" covered="1"/></method><method name="getStatusByManagerAt" desc="()Ljava/time/LocalDate;" line="103"><counter type="INSTRUCTION" missed="0" covered="3"/><counter type="LINE" missed="0" covered="1"/><counter type="COMPLEXITY" missed="0" covered="1"/><counter type="METHOD" missed="0" covered="1"/></method><method name="getPhotoPath" desc="()Ljava/lang/String;" line="108"><counter type="INSTRUCTION" missed="0" covered="3"/><counter type="LINE" missed="0" covered="1"/><counter type="COMPLEXITY" missed="0" covered="1"/><counter type="METHOD" missed="0" covered="1"/></method><method name="getSubmitter" desc="()Lproject/User;" line="113"><counter type="INSTRUCTION" missed="0" covered="3"/><counter type="LINE" missed="0" covered="1"/><counter type="COMPLEXITY" missed="0" covered="1"/><counter type="METHOD" missed="0" covered="1"/></method><method name="getStatusChangedBy" desc="()Lproject/User;" line="118"><counter type="INSTRUCTION" missed="0" covered="3"/><counter type="LINE" missed="0" covered="1"/><counter type="COMPLEXITY" missed="0" covered="1"/><counter type="METHOD" missed="0" covered="1"/></method><method name="statusChangedAt" desc="()Ljava/time/LocalDate;" line="123"><counter type="INSTRUCTION" missed="0" covered="3"/><counter type="LINE" missed="0" covered="1"/><counter type="COMPLEXITY" missed="0" covered="1"/><counter type="METHOD" missed="0" covered="1"/></method><method name="&lt;clinit&gt;" desc="()V" line="15"><counter type="INSTRUCTION" missed="0" covered="3"/><counter type="LINE" missed="0" covered="1"/><counter type="COMPLEXITY" missed="0" covered="1"/><counter type="METHOD" missed="0" covered="1"/></method><counter type="INSTRUCTION" missed="3" covered="114"/><counter type="LINE" missed="1" covered="37"/><counter type="COMPLEXITY" missed="1" covered="17"/><counter type="METHOD" missed="1" covered="17"/><counter type="CLASS" missed="0" covered="1"/></class><class name="project/ReceiptHandler" sourcefilename="ReceiptHandler.java"><method name="&lt;init&gt;" desc="(Lproject/PermissionHandler;)V" line="11"><counter type="INSTRUCTION" missed="0" covered="11"/><counter type="LINE" missed="0" covered="4"/><counter type="COMPLEXITY" missed="0" covered="1"/><counter type="METHOD" missed="0" covered="1"/></method><method name="createReceipt" desc="(Lproject/User;DLjava/time/LocalDate;Ljava/lang/String;Ljava/lang/String;)V" line="21"><counter type="INSTRUCTION" missed="0" covered="15"/><counter type="LINE" missed="0" covered="3"/><counter type="COMPLEXITY" missed="0" covered="1"/><counter type="METHOD" missed="0" covered="1"/></method><method name="approveReceipt" desc="(Lproject/User;I)V" line="27"><counter type="INSTRUCTION" missed="10" covered="30"/><counter type="BRANCH" missed="1" covered="5"/><counter type="LINE" missed="1" covered="8"/><counter type="COMPLEXITY" missed="1" covered="3"/><counter type="METHOD" missed="0" covered="1"/></method><method name="rejectReceipt" desc="(Lproject/User;ILjava/lang/String;)V" line="45"><counter type="INSTRUCTION" missed="10" covered="31"/><counter type="BRANCH" missed="2" covered="4"/><counter type="LINE" missed="3" covered="6"/><counter type="COMPLEXITY" missed="2" covered="2"/><counter type="METHOD" missed="0" covered="1"/></method><method name="handleReceipt" desc="(Lproject/User;I)V" line="62"><counter type="INSTRUCTION" missed="10" covered="22"/><counter type="BRANCH" missed="1" covered="3"/><counter type="LINE" missed="1" covered="6"/><counter type="COMPLEXITY" missed="1" covered="2"/><counter type="METHOD" missed="0" covered="1"/></method><method name="listReceipts" desc="()Ljava/util/List;" line="76"><counter type="INSTRUCTION" missed="0" covered="3"/><counter type="LINE" missed="0" covered="1"/><counter type="COMPLEXITY" missed="0" covered="1"/><counter type="METHOD" missed="0" covered="1"/></method><method name="findReceiptById" desc="(I)Lproject/Receipt;" line="81"><counter type="INSTRUCTION" missed="1" covered="23"/><counter type="BRANCH" missed="1" covered="3"/><counter type="LINE" missed="1" covered="5"/><counter type="COMPLEXITY" missed="1" covered="2"/><counter type="METHOD" missed="0" covered="1"/></method><counter type="INSTRUCTION" missed="31" covered="135"/><counter type="BRANCH" missed="5" covered="15"/><counter type="LINE" missed="6" covered="33"/><counter type="COMPLEXITY" missed="5" covered="12"/><counter type="METHOD" missed="0" covered="7"/><counter type="CLASS" missed="0" covered="1"/></class><class name="project/ReceiptManagementApp$1" sourcefilename="ReceiptManagementApp.java"><method name="&lt;init&gt;" desc="(Lproject/ReceiptManagementApp;)V" line="301"><counter type="INSTRUCTION" missed="3" covered="0"/><counter type="LINE" missed="1" covered="0"/><counter type="COMPLEXITY" missed="1" covered="0"/><counter type="METHOD" missed="1" covered="0"/></method><method name="accept" desc="(Ljava/io/File;)Z" line="304"><counter type="INSTRUCTION" missed="29" covered="0"/><counter type="BRANCH" missed="10" covered="0"/><counter type="LINE" missed="5" covered="0"/><counter type="COMPLEXITY" missed="6" covered="0"/><counter type="METHOD" missed="1" covered="0"/></method><method name="getDescription" desc="()Ljava/lang/String;" line="314"><counter type="INSTRUCTION" missed="2" covered="0"/><counter type="LINE" missed="1" covered="0"/><counter type="COMPLEXITY" missed="1" covered="0"/><counter type="METHOD" missed="1" covered="0"/></method><counter type="INSTRUCTION" missed="34" covered="0"/><counter type="BRANCH" missed="10" covered="0"/><counter type="LINE" missed="7" covered="0"/><counter type="COMPLEXITY" missed="8" covered="0"/><counter type="METHOD" missed="3" covered="0"/><counter type="CLASS" missed="1" covered="0"/></class><class name="project/PermissionHandler" sourcefilename="PermissionHandler.java"><method name="&lt;init&gt;" desc="()V" line="3"><counter type="INSTRUCTION" missed="0" covered="3"/><counter type="LINE" missed="0" covered="1"/><counter type="COMPLEXITY" missed="0" covered="1"/><counter type="METHOD" missed="0" covered="1"/></method><method name="canApprove" desc="(Lproject/User;Lproject/Receipt;)Z" line="15"><counter type="INSTRUCTION" missed="0" covered="18"/><counter type="BRANCH" missed="0" covered="6"/><counter type="LINE" missed="0" covered="5"/><counter type="COMPLEXITY" missed="0" covered="4"/><counter type="METHOD" missed="0" covered="1"/></method><method name="canHandle" desc="(Lproject/User;Lproject/Receipt;)Z" line="26"><counter type="INSTRUCTION" missed="0" covered="14"/><counter type="BRANCH" missed="0" covered="4"/><counter type="LINE" missed="0" covered="5"/><counter type="COMPLEXITY" missed="0" covered="3"/><counter type="METHOD" missed="0" covered="1"/></method><counter type="INSTRUCTION" missed="0" covered="35"/><counter type="BRANCH" missed="0" covered="10"/><counter type="LINE" missed="0" covered="11"/><counter type="COMPLEXITY" missed="0" covered="8"/><counter type="METHOD" missed="0" covered="3"/><counter type="CLASS" missed="0" covered="1"/></class><class name="project/ReceiptManagementApp" sourcefilename="ReceiptManagementApp.java"><method name="showReceiptDetails" desc="(Lproject/Receipt;)V" line="24"><counter type="INSTRUCTION" missed="288" covered="0"/><counter type="BRANCH" missed="10" covered="0"/><counter type="LINE" missed="51" covered="0"/><counter type="COMPLEXITY" missed="6" covered="0"/><counter type="METHOD" missed="1" covered="0"/></method><method name="addDetailField" desc="(Ljavax/swing/JPanel;Ljava/awt/GridBagConstraints;Ljava/lang/String;Ljava/lang/String;)V" line="99"><counter type="INSTRUCTION" missed="47" covered="0"/><counter type="LINE" missed="13" covered="0"/><counter type="COMPLEXITY" missed="1" covered="0"/><counter type="METHOD" missed="1" covered="0"/></method><method name="&lt;init&gt;" desc="()V" line="116"><counter type="INSTRUCTION" missed="33" covered="0"/><counter type="LINE" missed="10" covered="0"/><counter type="COMPLEXITY" missed="1" covered="0"/><counter type="METHOD" missed="1" covered="0"/></method><method name="main" desc="([Ljava/lang/String;)V" line="132"><counter type="INSTRUCTION" missed="3" covered="0"/><counter type="LINE" missed="2" covered="0"/><counter type="COMPLEXITY" missed="1" covered="0"/><counter type="METHOD" missed="1" covered="0"/></method><method name="showLoginScreen" desc="()V" line="138"><counter type="INSTRUCTION" missed="222" covered="0"/><counter type="LINE" missed="52" covered="0"/><counter type="COMPLEXITY" missed="1" covered="0"/><counter type="METHOD" missed="1" covered="0"/></method><method name="showMainDashboard" desc="()V" line="222"><counter type="INSTRUCTION" missed="24" covered="0"/><counter type="BRANCH" missed="6" covered="0"/><counter type="LINE" missed="7" covered="0"/><counter type="COMPLEXITY" missed="4" covered="0"/><counter type="METHOD" missed="1" covered="0"/></method><method name="showSalespersonDashboard" desc="()V" line="233"><counter type="INSTRUCTION" missed="535" covered="0"/><counter type="BRANCH" missed="14" covered="0"/><counter type="LINE" missed="114" covered="0"/><counter type="COMPLEXITY" missed="8" covered="0"/><counter type="METHOD" missed="1" covered="0"/></method><method name="showAccountantDashboard" desc="()V" line="489"><counter type="INSTRUCTION" missed="78" covered="0"/><counter type="LINE" missed="17" covered="0"/><counter type="COMPLEXITY" missed="1" covered="0"/><counter type="METHOD" missed="1" covered="0"/></method><method name="createReceiptPanel" desc="(Z)Ljavax/swing/JPanel;" line="517"><counter type="INSTRUCTION" missed="246" covered="0"/><counter type="BRANCH" missed="20" covered="0"/><counter type="LINE" missed="50" covered="0"/><counter type="COMPLEXITY" missed="11" covered="0"/><counter type="METHOD" missed="1" covered="0"/></method><method name="addReceiptToTable" desc="(Ljavax/swing/table/DefaultTableModel;Lproject/Receipt;Z)V" line="617"><counter type="INSTRUCTION" missed="122" covered="0"/><counter type="BRANCH" missed="6" covered="0"/><counter type="LINE" missed="24" covered="0"/><counter type="COMPLEXITY" missed="4" covered="0"/><counter type="METHOD" missed="1" covered="0"/></method><method name="showManagerDashboard" desc="()V" line="650"><counter type="INSTRUCTION" missed="86" covered="0"/><counter type="LINE" missed="19" covered="0"/><counter type="COMPLEXITY" missed="1" covered="0"/><counter type="METHOD" missed="1" covered="0"/></method><method name="createManagerReceiptPanel" desc="(Ljava/lang/String;)Ljavax/swing/JPanel;" line="682"><counter type="INSTRUCTION" missed="466" covered="0"/><counter type="BRANCH" missed="30" covered="0"/><counter type="LINE" missed="88" covered="0"/><counter type="COMPLEXITY" missed="16" covered="0"/><counter type="METHOD" missed="1" covered="0"/></method><method name="lambda$createManagerReceiptPanel$3" desc="(Ljava/awt/event/ActionEvent;)V" line="827"><counter type="INSTRUCTION" missed="3" covered="0"/><counter type="LINE" missed="1" covered="0"/><counter type="COMPLEXITY" missed="1" covered="0"/><counter type="METHOD" missed="1" covered="0"/></method><method name="lambda$createManagerReceiptPanel$2" desc="(Ljavax/swing/JTable;Ljavax/swing/table/DefaultTableModel;Ljava/awt/event/ActionEvent;)V" line="805"><counter type="INSTRUCTION" missed="56" covered="0"/><counter type="BRANCH" missed="8" covered="0"/><counter type="LINE" missed="14" covered="0"/><counter type="COMPLEXITY" missed="5" covered="0"/><counter type="METHOD" missed="1" covered="0"/></method><method name="lambda$createManagerReceiptPanel$1" desc="(Ljavax/swing/JTable;Ljavax/swing/table/DefaultTableModel;Ljava/awt/event/ActionEvent;)V" line="792"><counter type="INSTRUCTION" missed="36" covered="0"/><counter type="BRANCH" missed="2" covered="0"/><counter type="LINE" missed="10" covered="0"/><counter type="COMPLEXITY" missed="2" covered="0"/><counter type="METHOD" missed="1" covered="0"/></method><method name="lambda$createManagerReceiptPanel$0" desc="(Ljavax/swing/JTable;Ljavax/swing/table/DefaultTableModel;Ljava/awt/event/ActionEvent;)V" line="772"><counter type="INSTRUCTION" missed="33" covered="0"/><counter type="BRANCH" missed="4" covered="0"/><counter type="LINE" missed="10" covered="0"/><counter type="COMPLEXITY" missed="3" covered="0"/><counter type="METHOD" missed="1" covered="0"/></method><method name="lambda$showManagerDashboard$0" desc="(Ljava/awt/event/ActionEvent;)V" line="656"><counter type="INSTRUCTION" missed="3" covered="0"/><counter type="LINE" missed="1" covered="0"/><counter type="COMPLEXITY" missed="1" covered="0"/><counter type="METHOD" missed="1" covered="0"/></method><method name="lambda$createReceiptPanel$2" desc="(Ljava/awt/event/ActionEvent;)V" line="591"><counter type="INSTRUCTION" missed="3" covered="0"/><counter type="LINE" missed="1" covered="0"/><counter type="COMPLEXITY" missed="1" covered="0"/><counter type="METHOD" missed="1" covered="0"/></method><method name="lambda$createReceiptPanel$1" desc="(Ljavax/swing/JTable;Ljavax/swing/table/DefaultTableModel;Ljava/awt/event/ActionEvent;)V" line="576"><counter type="INSTRUCTION" missed="36" covered="0"/><counter type="BRANCH" missed="2" covered="0"/><counter type="LINE" missed="10" covered="0"/><counter type="COMPLEXITY" missed="2" covered="0"/><counter type="METHOD" missed="1" covered="0"/></method><method name="lambda$createReceiptPanel$0" desc="(Ljavax/swing/JTable;Ljavax/swing/table/DefaultTableModel;Ljava/awt/event/ActionEvent;)V" line="558"><counter type="INSTRUCTION" missed="33" covered="0"/><counter type="BRANCH" missed="4" covered="0"/><counter type="LINE" missed="10" covered="0"/><counter type="COMPLEXITY" missed="3" covered="0"/><counter type="METHOD" missed="1" covered="0"/></method><method name="lambda$showAccountantDashboard$0" desc="(Ljava/awt/event/ActionEvent;)V" line="495"><counter type="INSTRUCTION" missed="3" covered="0"/><counter type="LINE" missed="1" covered="0"/><counter type="COMPLEXITY" missed="1" covered="0"/><counter type="METHOD" missed="1" covered="0"/></method><method name="lambda$showSalespersonDashboard$5" desc="(Ljava/awt/event/ActionEvent;)V" line="471"><counter type="INSTRUCTION" missed="3" covered="0"/><counter type="LINE" missed="1" covered="0"/><counter type="COMPLEXITY" missed="1" covered="0"/><counter type="METHOD" missed="1" covered="0"/></method><method name="lambda$showSalespersonDashboard$4" desc="(Ljavax/swing/JTable;Ljavax/swing/table/DefaultTableModel;Ljava/awt/event/ActionEvent;)V" line="456"><counter type="INSTRUCTION" missed="33" covered="0"/><counter type="BRANCH" missed="4" covered="0"/><counter type="LINE" missed="10" covered="0"/><counter type="COMPLEXITY" missed="3" covered="0"/><counter type="METHOD" missed="1" covered="0"/></method><method name="lambda$showSalespersonDashboard$3" desc="(Ljavax/swing/JTextField;Ljavax/swing/JTextField;Ljavax/swing/JTextField;Ljavax/swing/JTextField;Ljava/awt/event/ActionEvent;)V" line="401"><counter type="INSTRUCTION" missed="14" covered="0"/><counter type="LINE" missed="5" covered="0"/><counter type="COMPLEXITY" missed="1" covered="0"/><counter type="METHOD" missed="1" covered="0"/></method><method name="lambda$showSalespersonDashboard$2" desc="(Ljavax/swing/JTextField;Ljavax/swing/JTextField;Ljavax/swing/JTextField;Ljavax/swing/JTextField;Ljava/awt/event/ActionEvent;)V" line="355"><counter type="INSTRUCTION" missed="110" covered="0"/><counter type="BRANCH" missed="12" covered="0"/><counter type="LINE" missed="27" covered="0"/><counter type="COMPLEXITY" missed="7" covered="0"/><counter type="METHOD" missed="1" covered="0"/></method><method name="lambda$showSalespersonDashboard$1" desc="(Ljavax/swing/JFileChooser;Ljavax/swing/JTextField;Ljava/awt/event/ActionEvent;)V" line="319"><counter type="INSTRUCTION" missed="14" covered="0"/><counter type="BRANCH" missed="2" covered="0"/><counter type="LINE" missed="5" covered="0"/><counter type="COMPLEXITY" missed="2" covered="0"/><counter type="METHOD" missed="1" covered="0"/></method><method name="lambda$showSalespersonDashboard$0" desc="(Ljava/awt/event/ActionEvent;)V" line="239"><counter type="INSTRUCTION" missed="3" covered="0"/><counter type="LINE" missed="1" covered="0"/><counter type="COMPLEXITY" missed="1" covered="0"/><counter type="METHOD" missed="1" covered="0"/></method><method name="lambda$showLoginScreen$0" desc="(Ljavax/swing/JTextField;Ljavax/swing/JComboBox;Ljava/awt/event/ActionEvent;)V" line="205"><counter type="INSTRUCTION" missed="27" covered="0"/><counter type="BRANCH" missed="2" covered="0"/><counter type="LINE" missed="8" covered="0"/><counter type="COMPLEXITY" missed="2" covered="0"/><counter type="METHOD" missed="1" covered="0"/></method><method name="lambda$main$0" desc="()V" line="132"><counter type="INSTRUCTION" missed="5" covered="0"/><counter type="LINE" missed="1" covered="0"/><counter type="COMPLEXITY" missed="1" covered="0"/><counter type="METHOD" missed="1" covered="0"/></method><method name="lambda$showReceiptDetails$0" desc="(Ljavax/swing/JDialog;Ljava/awt/event/ActionEvent;)V" line="90"><counter type="INSTRUCTION" missed="3" covered="0"/><counter type="LINE" missed="1" covered="0"/><counter type="COMPLEXITY" missed="1" covered="0"/><counter type="METHOD" missed="1" covered="0"/></method><counter type="INSTRUCTION" missed="2568" covered="0"/><counter type="BRANCH" missed="126" covered="0"/><counter type="LINE" missed="556" covered="0"/><counter type="COMPLEXITY" missed="93" covered="0"/><counter type="METHOD" missed="30" covered="0"/><counter type="CLASS" missed="1" covered="0"/></class><class name="project/UserHandler" sourcefilename="UserHandler.java"><method name="&lt;init&gt;" desc="()V" line="5"><counter type="INSTRUCTION" missed="3" covered="0"/><counter type="LINE" missed="1" covered="0"/><counter type="COMPLEXITY" missed="1" covered="0"/><counter type="METHOD" missed="1" covered="0"/></method><method name="createUser" desc="(Ljava/lang/String;Lproject/Role;)V" line="11"><counter type="INSTRUCTION" missed="12" covered="0"/><counter type="LINE" missed="3" covered="0"/><counter type="COMPLEXITY" missed="1" covered="0"/><counter type="METHOD" missed="1" covered="0"/></method><method name="listUsers" desc="()Ljava/util/List;" line="18"><counter type="INSTRUCTION" missed="3" covered="0"/><counter type="LINE" missed="1" covered="0"/><counter type="COMPLEXITY" missed="1" covered="0"/><counter type="METHOD" missed="1" covered="0"/></method><counter type="INSTRUCTION" missed="18" covered="0"/><counter type="LINE" missed="5" covered="0"/><counter type="COMPLEXITY" missed="3" covered="0"/><counter type="METHOD" missed="3" covered="0"/><counter type="CLASS" missed="1" covered="0"/></class><class name="project/User" sourcefilename="User.java"><method name="&lt;init&gt;" desc="(Ljava/lang/String;Lproject/Role;)V" line="8"><counter type="INSTRUCTION" missed="0" covered="9"/><counter type="LINE" missed="0" covered="4"/><counter type="COMPLEXITY" missed="0" covered="1"/><counter type="METHOD" missed="0" covered="1"/></method><method name="getUsername" desc="()Ljava/lang/String;" line="16"><counter type="INSTRUCTION" missed="0" covered="3"/><counter type="LINE" missed="0" covered="1"/><counter type="COMPLEXITY" missed="0" covered="1"/><counter type="METHOD" missed="0" covered="1"/></method><method name="getRole" desc="()Lproject/Role;" line="21"><counter type="INSTRUCTION" missed="0" covered="3"/><counter type="LINE" missed="0" covered="1"/><counter type="COMPLEXITY" missed="0" covered="1"/><counter type="METHOD" missed="0" covered="1"/></method><counter type="INSTRUCTION" missed="0" covered="15"/><counter type="LINE" missed="0" covered="6"/><counter type="COMPLEXITY" missed="0" covered="3"/><counter type="METHOD" missed="0" covered="3"/><counter type="CLASS" missed="0" covered="1"/></class><sourcefile name="UserHandler.java"><line nr="5" mi="3" ci="0" mb="0" cb="0"/><line nr="11" mi="6" ci="0" mb="0" cb="0"/><line nr="13" mi="5" ci="0" mb="0" cb="0"/><line nr="14" mi="1" ci="0" mb="0" cb="0"/><line nr="18" mi="3" ci="0" mb="0" cb="0"/><counter type="INSTRUCTION" missed="18" covered="0"/><counter type="LINE" missed="5" covered="0"/><counter type="COMPLEXITY" missed="3" covered="0"/><counter type="METHOD" missed="3" covered="0"/><counter type="CLASS" missed="1" covered="0"/></sourcefile><sourcefile name="Role.java"><line nr="3" mi="0" ci="3" mb="0" cb="0"/><line nr="5" mi="0" ci="6" mb="0" cb="0"/><line nr="6" mi="0" ci="6" mb="0" cb="0"/><line nr="7" mi="0" ci="6" mb="0" cb="0"/><line nr="8" mi="0" ci="6" mb="0" cb="0"/><counter type="INSTRUCTION" missed="0" covered="27"/><counter type="LINE" missed="0" covered="5"/><counter type="COMPLEXITY" missed="0" covered="1"/><counter type="METHOD" missed="0" covered="1"/><counter type="CLASS" missed="0" covered="1"/></sourcefile><sourcefile name="PermissionHandler.java"><line nr="3" mi="0" ci="3" mb="0" cb="0"/><line nr="15" mi="0" ci="8" mb="0" cb="4"/><line nr="16" mi="0" ci="2" mb="0" cb="0"/><line nr="18" mi="0" ci="4" mb="0" cb="2"/><line nr="19" mi="0" ci="2" mb="0" cb="0"/><line nr="21" mi="0" ci="2" mb="0" cb="0"/><line nr="26" mi="0" ci="4" mb="0" cb="2"/><line nr="27" mi="0" ci="2" mb="0" cb="0"/><line nr="29" mi="0" ci="4" mb="0" cb="2"/><line nr="30" mi="0" ci="2" mb="0" cb="0"/><line nr="32" mi="0" ci="2" mb="0" cb="0"/><counter type="INSTRUCTION" missed="0" covered="35"/><counter type="BRANCH" missed="0" covered="10"/><counter type="LINE" missed="0" covered="11"/><counter type="COMPLEXITY" missed="0" covered="8"/><counter type="METHOD" missed="0" covered="3"/><counter type="CLASS" missed="0" covered="1"/></sourcefile><sourcefile name="User.java"><line nr="8" mi="0" ci="2" mb="0" cb="0"/><line nr="10" mi="0" ci="3" mb="0" cb="0"/><line nr="11" mi="0" ci="3" mb="0" cb="0"/><line nr="12" mi="0" ci="1" mb="0" cb="0"/><line nr="16" mi="0" ci="3" mb="0" cb="0"/><line nr="21" mi="0" ci="3" mb="0" cb="0"/><counter type="INSTRUCTION" missed="0" covered="15"/><counter type="LINE" missed="0" covered="6"/><counter type="COMPLEXITY" missed="0" covered="3"/><counter type="METHOD" missed="0" covered="3"/><counter type="CLASS" missed="0" covered="1"/></sourcefile><sourcefile name="Status.java"><line nr="3" mi="0" ci="3" mb="0" cb="0"/><line nr="5" mi="0" ci="6" mb="0" cb="0"/><line nr="6" mi="0" ci="6" mb="0" cb="0"/><line nr="7" mi="0" ci="6" mb="0" cb="0"/><counter type="INSTRUCTION" missed="0" covered="21"/><counter type="LINE" missed="0" covered="4"/><counter type="COMPLEXITY" missed="0" covered="1"/><counter type="METHOD" missed="0" covered="1"/><counter type="CLASS" missed="0" covered="1"/></sourcefile><sourcefile name="ReceiptManagementApp.java"><line nr="24" mi="7" ci="0" mb="0" cb="0"/><line nr="25" mi="7" ci="0" mb="0" cb="0"/><line nr="26" mi="4" ci="0" mb="0" cb="0"/><line nr="27" mi="3" ci="0" mb="0" cb="0"/><line nr="30" mi="7" ci="0" mb="0" cb="0"/><line nr="31" mi="9" ci="0" mb="0" cb="0"/><line nr="32" mi="4" ci="0" mb="0" cb="0"/><line nr="33" mi="3" ci="0" mb="0" cb="0"/><line nr="34" mi="3" ci="0" mb="0" cb="0"/><line nr="35" mi="3" ci="0" mb="0" cb="0"/><line nr="36" mi="9" ci="0" mb="0" cb="0"/><line nr="39" mi="8" ci="0" mb="0" cb="0"/><line nr="40" mi="15" ci="0" mb="0" cb="0"/><line nr="41" mi="7" ci="0" mb="0" cb="0"/><line nr="42" mi="8" ci="0" mb="0" cb="0"/><line nr="43" mi="8" ci="0" mb="0" cb="0"/><line nr="44" mi="8" ci="0" mb="0" cb="0"/><line nr="46" mi="3" ci="0" mb="2" cb="0"/><line nr="47" mi="8" ci="0" mb="0" cb="0"/><line nr="48" mi="8" ci="0" mb="0" cb="0"/><line nr="51" mi="8" ci="0" mb="4" cb="0"/><line nr="52" mi="8" ci="0" mb="0" cb="0"/><line nr="53" mi="8" ci="0" mb="0" cb="0"/><line nr="54" mi="4" ci="0" mb="2" cb="0"/><line nr="55" mi="7" ci="0" mb="0" cb="0"/><line nr="61" mi="6" ci="0" mb="0" cb="0"/><line nr="63" mi="4" ci="0" mb="2" cb="0"/><line nr="64" mi="10" ci="0" mb="0" cb="0"/><line nr="66" mi="5" ci="0" mb="0" cb="0"/><line nr="67" mi="7" ci="0" mb="0" cb="0"/><line nr="68" mi="4" ci="0" mb="0" cb="0"/><line nr="69" mi="4" ci="0" mb="0" cb="0"/><line nr="72" mi="9" ci="0" mb="0" cb="0"/><line nr="73" mi="9" ci="0" mb="0" cb="0"/><line nr="75" mi="5" ci="0" mb="0" cb="0"/><line nr="76" mi="3" ci="0" mb="0" cb="0"/><line nr="78" mi="4" ci="0" mb="0" cb="0"/><line nr="79" mi="4" ci="0" mb="0" cb="0"/><line nr="81" mi="4" ci="0" mb="0" cb="0"/><line nr="82" mi="1" ci="0" mb="0" cb="0"/><line nr="83" mi="5" ci="0" mb="0" cb="0"/><line nr="84" mi="3" ci="0" mb="0" cb="0"/><line nr="85" mi="4" ci="0" mb="0" cb="0"/><line nr="86" mi="1" ci="0" mb="0" cb="0"/><line nr="89" mi="5" ci="0" mb="0" cb="0"/><line nr="90" mi="7" ci="0" mb="0" cb="0"/><line nr="91" mi="8" ci="0" mb="0" cb="0"/><line nr="92" mi="4" ci="0" mb="0" cb="0"/><line nr="93" mi="4" ci="0" mb="0" cb="0"/><line nr="95" mi="3" ci="0" mb="0" cb="0"/><line nr="96" mi="1" ci="0" mb="0" cb="0"/><line nr="99" mi="3" ci="0" mb="0" cb="0"/><line nr="100" mi="3" ci="0" mb="0" cb="0"/><line nr="101" mi="7" ci="0" mb="0" cb="0"/><line nr="103" mi="3" ci="0" mb="0" cb="0"/><line nr="104" mi="3" ci="0" mb="0" cb="0"/><line nr="105" mi="3" ci="0" mb="0" cb="0"/><line nr="106" mi="5" ci="0" mb="0" cb="0"/><line nr="107" mi="3" ci="0" mb="0" cb="0"/><line nr="108" mi="3" ci="0" mb="0" cb="0"/><line nr="109" mi="3" ci="0" mb="0" cb="0"/><line nr="110" mi="4" ci="0" mb="0" cb="0"/><line nr="112" mi="6" ci="0" mb="0" cb="0"/><line nr="113" mi="1" ci="0" mb="0" cb="0"/><line nr="116" mi="2" ci="0" mb="0" cb="0"/><line nr="117" mi="3" ci="0" mb="0" cb="0"/><line nr="118" mi="4" ci="0" mb="0" cb="0"/><line nr="119" mi="3" ci="0" mb="0" cb="0"/><line nr="120" mi="3" ci="0" mb="0" cb="0"/><line nr="123" mi="5" ci="0" mb="0" cb="0"/><line nr="124" mi="7" ci="0" mb="0" cb="0"/><line nr="127" mi="2" ci="0" mb="0" cb="0"/><line nr="128" mi="3" ci="0" mb="0" cb="0"/><line nr="129" mi="1" ci="0" mb="0" cb="0"/><line nr="132" mi="7" ci="0" mb="0" cb="0"/><line nr="133" mi="1" ci="0" mb="0" cb="0"/><line nr="138" mi="7" ci="0" mb="0" cb="0"/><line nr="139" mi="9" ci="0" mb="0" cb="0"/><line nr="142" mi="8" ci="0" mb="0" cb="0"/><line nr="143" mi="5" ci="0" mb="0" cb="0"/><line nr="144" mi="6" ci="0" mb="0" cb="0"/><line nr="145" mi="4" ci="0" mb="0" cb="0"/><line nr="148" mi="7" ci="0" mb="0" cb="0"/><line nr="149" mi="3" ci="0" mb="0" cb="0"/><line nr="150" mi="8" ci="0" mb="0" cb="0"/><line nr="154" mi="4" ci="0" mb="0" cb="0"/><line nr="155" mi="3" ci="0" mb="0" cb="0"/><line nr="156" mi="9" ci="0" mb="0" cb="0"/><line nr="157" mi="3" ci="0" mb="0" cb="0"/><line nr="160" mi="3" ci="0" mb="0" cb="0"/><line nr="161" mi="3" ci="0" mb="0" cb="0"/><line nr="162" mi="3" ci="0" mb="0" cb="0"/><line nr="163" mi="3" ci="0" mb="0" cb="0"/><line nr="164" mi="6" ci="0" mb="0" cb="0"/><line nr="165" mi="4" ci="0" mb="0" cb="0"/><line nr="167" mi="3" ci="0" mb="0" cb="0"/><line nr="168" mi="3" ci="0" mb="0" cb="0"/><line nr="169" mi="3" ci="0" mb="0" cb="0"/><line nr="170" mi="5" ci="0" mb="0" cb="0"/><line nr="171" mi="4" ci="0" mb="0" cb="0"/><line nr="174" mi="3" ci="0" mb="0" cb="0"/><line nr="175" mi="3" ci="0" mb="0" cb="0"/><line nr="176" mi="3" ci="0" mb="0" cb="0"/><line nr="177" mi="3" ci="0" mb="0" cb="0"/><line nr="178" mi="6" ci="0" mb="0" cb="0"/><line nr="179" mi="4" ci="0" mb="0" cb="0"/><line nr="181" mi="3" ci="0" mb="0" cb="0"/><line nr="182" mi="3" ci="0" mb="0" cb="0"/><line nr="183" mi="3" ci="0" mb="0" cb="0"/><line nr="184" mi="5" ci="0" mb="0" cb="0"/><line nr="185" mi="4" ci="0" mb="0" cb="0"/><line nr="186" mi="4" ci="0" mb="0" cb="0"/><line nr="189" mi="3" ci="0" mb="0" cb="0"/><line nr="190" mi="3" ci="0" mb="0" cb="0"/><line nr="191" mi="3" ci="0" mb="0" cb="0"/><line nr="192" mi="9" ci="0" mb="0" cb="0"/><line nr="193" mi="3" ci="0" mb="0" cb="0"/><line nr="194" mi="5" ci="0" mb="0" cb="0"/><line nr="195" mi="7" ci="0" mb="0" cb="0"/><line nr="196" mi="4" ci="0" mb="0" cb="0"/><line nr="199" mi="4" ci="0" mb="0" cb="0"/><line nr="200" mi="4" ci="0" mb="0" cb="0"/><line nr="202" mi="3" ci="0" mb="0" cb="0"/><line nr="203" mi="2" ci="0" mb="0" cb="0"/><line nr="204" mi="6" ci="0" mb="0" cb="0"/><line nr="205" mi="4" ci="0" mb="0" cb="0"/><line nr="206" mi="3" ci="0" mb="2" cb="0"/><line nr="207" mi="5" ci="0" mb="0" cb="0"/><line nr="208" mi="1" ci="0" mb="0" cb="0"/><line nr="210" mi="4" ci="0" mb="0" cb="0"/><line nr="211" mi="7" ci="0" mb="0" cb="0"/><line nr="212" mi="2" ci="0" mb="0" cb="0"/><line nr="213" mi="1" ci="0" mb="0" cb="0"/><line nr="216" mi="3" ci="0" mb="0" cb="0"/><line nr="217" mi="2" ci="0" mb="0" cb="0"/><line nr="218" mi="1" ci="0" mb="0" cb="0"/><line nr="222" mi="5" ci="0" mb="2" cb="0"/><line nr="223" mi="3" ci="0" mb="0" cb="0"/><line nr="224" mi="5" ci="0" mb="2" cb="0"/><line nr="225" mi="3" ci="0" mb="0" cb="0"/><line nr="226" mi="5" ci="0" mb="2" cb="0"/><line nr="227" mi="2" ci="0" mb="0" cb="0"/><line nr="229" mi="1" ci="0" mb="0" cb="0"/><line nr="233" mi="7" ci="0" mb="0" cb="0"/><line nr="236" mi="8" ci="0" mb="0" cb="0"/><line nr="237" mi="12" ci="0" mb="0" cb="0"/><line nr="238" mi="5" ci="0" mb="0" cb="0"/><line nr="239" mi="7" ci="0" mb="0" cb="0"/><line nr="240" mi="4" ci="0" mb="0" cb="0"/><line nr="241" mi="4" ci="0" mb="0" cb="0"/><line nr="242" mi="4" ci="0" mb="0" cb="0"/><line nr="245" mi="7" ci="0" mb="0" cb="0"/><line nr="246" mi="9" ci="0" mb="0" cb="0"/><line nr="248" mi="4" ci="0" mb="0" cb="0"/><line nr="249" mi="3" ci="0" mb="0" cb="0"/><line nr="250" mi="9" ci="0" mb="0" cb="0"/><line nr="253" mi="5" ci="0" mb="0" cb="0"/><line nr="254" mi="5" ci="0" mb="0" cb="0"/><line nr="256" mi="3" ci="0" mb="0" cb="0"/><line nr="257" mi="3" ci="0" mb="0" cb="0"/><line nr="258" mi="3" ci="0" mb="0" cb="0"/><line nr="259" mi="4" ci="0" mb="0" cb="0"/><line nr="261" mi="3" ci="0" mb="0" cb="0"/><line nr="262" mi="3" ci="0" mb="0" cb="0"/><line nr="263" mi="4" ci="0" mb="0" cb="0"/><line nr="266" mi="5" ci="0" mb="0" cb="0"/><line nr="267" mi="5" ci="0" mb="0" cb="0"/><line nr="269" mi="3" ci="0" mb="0" cb="0"/><line nr="270" mi="3" ci="0" mb="0" cb="0"/><line nr="271" mi="3" ci="0" mb="0" cb="0"/><line nr="272" mi="4" ci="0" mb="0" cb="0"/><line nr="274" mi="3" ci="0" mb="0" cb="0"/><line nr="275" mi="3" ci="0" mb="0" cb="0"/><line nr="276" mi="4" ci="0" mb="0" cb="0"/><line nr="279" mi="5" ci="0" mb="0" cb="0"/><line nr="280" mi="6" ci="0" mb="0" cb="0"/><line nr="282" mi="3" ci="0" mb="0" cb="0"/><line nr="283" mi="3" ci="0" mb="0" cb="0"/><line nr="284" mi="3" ci="0" mb="0" cb="0"/><line nr="285" mi="4" ci="0" mb="0" cb="0"/><line nr="287" mi="3" ci="0" mb="0" cb="0"/><line nr="288" mi="3" ci="0" mb="0" cb="0"/><line nr="289" mi="4" ci="0" mb="0" cb="0"/><line nr="292" mi="5" ci="0" mb="0" cb="0"/><line nr="293" mi="5" ci="0" mb="0" cb="0"/><line nr="294" mi="3" ci="0" mb="0" cb="0"/><line nr="295" mi="3" ci="0" mb="0" cb="0"/><line nr="297" mi="5" ci="0" mb="0" cb="0"/><line nr="298" mi="4" ci="0" mb="0" cb="0"/><line nr="301" mi="9" ci="0" mb="0" cb="0"/><line nr="304" mi="3" ci="0" mb="2" cb="0"/><line nr="305" mi="2" ci="0" mb="0" cb="0"/><line nr="307" mi="4" ci="0" mb="0" cb="0"/><line nr="308" mi="11" ci="0" mb="4" cb="0"/><line nr="309" mi="9" ci="0" mb="4" cb="0"/><line nr="314" mi="2" ci="0" mb="0" cb="0"/><line nr="318" mi="6" ci="0" mb="0" cb="0"/><line nr="319" mi="4" ci="0" mb="0" cb="0"/><line nr="320" mi="2" ci="0" mb="2" cb="0"/><line nr="321" mi="3" ci="0" mb="0" cb="0"/><line nr="322" mi="4" ci="0" mb="0" cb="0"/><line nr="324" mi="1" ci="0" mb="0" cb="0"/><line nr="326" mi="3" ci="0" mb="0" cb="0"/><line nr="327" mi="3" ci="0" mb="0" cb="0"/><line nr="328" mi="3" ci="0" mb="0" cb="0"/><line nr="329" mi="4" ci="0" mb="0" cb="0"/><line nr="331" mi="3" ci="0" mb="0" cb="0"/><line nr="332" mi="3" ci="0" mb="0" cb="0"/><line nr="333" mi="4" ci="0" mb="0" cb="0"/><line nr="335" mi="3" ci="0" mb="0" cb="0"/><line nr="336" mi="3" ci="0" mb="0" cb="0"/><line nr="337" mi="4" ci="0" mb="0" cb="0"/><line nr="340" mi="5" ci="0" mb="0" cb="0"/><line nr="341" mi="5" ci="0" mb="0" cb="0"/><line nr="343" mi="10" ci="0" mb="0" cb="0"/><line nr="344" mi="4" ci="0" mb="0" cb="0"/><line nr="345" mi="4" ci="0" mb="0" cb="0"/><line nr="347" mi="3" ci="0" mb="0" cb="0"/><line nr="348" mi="3" ci="0" mb="0" cb="0"/><line nr="349" mi="3" ci="0" mb="0" cb="0"/><line nr="350" mi="9" ci="0" mb="0" cb="0"/><line nr="351" mi="4" ci="0" mb="0" cb="0"/><line nr="353" mi="8" ci="0" mb="0" cb="0"/><line nr="355" mi="10" ci="0" mb="4" cb="0"/><line nr="356" mi="5" ci="0" mb="0" cb="0"/><line nr="357" mi="1" ci="0" mb="0" cb="0"/><line nr="361" mi="5" ci="0" mb="2" cb="0"/><line nr="362" mi="7" ci="0" mb="0" cb="0"/><line nr="367" mi="2" ci="0" mb="2" cb="0"/><line nr="368" mi="1" ci="0" mb="0" cb="0"/><line nr="372" mi="4" ci="0" mb="0" cb="0"/><line nr="373" mi="4" ci="0" mb="0" cb="0"/><line nr="374" mi="5" ci="0" mb="0" cb="0"/><line nr="375" mi="10" ci="0" mb="2" cb="0"/><line nr="377" mi="4" ci="0" mb="2" cb="0"/><line nr="378" mi="5" ci="0" mb="0" cb="0"/><line nr="379" mi="1" ci="0" mb="0" cb="0"/><line nr="382" mi="9" ci="0" mb="0" cb="0"/><line nr="383" mi="5" ci="0" mb="0" cb="0"/><line nr="386" mi="3" ci="0" mb="0" cb="0"/><line nr="387" mi="3" ci="0" mb="0" cb="0"/><line nr="388" mi="4" ci="0" mb="0" cb="0"/><line nr="389" mi="3" ci="0" mb="0" cb="0"/><line nr="392" mi="2" ci="0" mb="0" cb="0"/><line nr="393" mi="1" ci="0" mb="0" cb="0"/><line nr="394" mi="5" ci="0" mb="0" cb="0"/><line nr="395" mi="1" ci="0" mb="0" cb="0"/><line nr="396" mi="7" ci="0" mb="0" cb="0"/><line nr="397" mi="2" ci="0" mb="0" cb="0"/><line nr="398" mi="1" ci="0" mb="0" cb="0"/><line nr="400" mi="7" ci="0" mb="0" cb="0"/><line nr="401" mi="3" ci="0" mb="0" cb="0"/><line nr="402" mi="3" ci="0" mb="0" cb="0"/><line nr="403" mi="4" ci="0" mb="0" cb="0"/><line nr="404" mi="3" ci="0" mb="0" cb="0"/><line nr="405" mi="1" ci="0" mb="0" cb="0"/><line nr="408" mi="7" ci="0" mb="0" cb="0"/><line nr="409" mi="4" ci="0" mb="0" cb="0"/><line nr="412" mi="4" ci="0" mb="0" cb="0"/><line nr="413" mi="3" ci="0" mb="0" cb="0"/><line nr="414" mi="3" ci="0" mb="0" cb="0"/><line nr="415" mi="3" ci="0" mb="0" cb="0"/><line nr="416" mi="3" ci="0" mb="0" cb="0"/><line nr="417" mi="3" ci="0" mb="0" cb="0"/><line nr="418" mi="3" ci="0" mb="0" cb="0"/><line nr="421" mi="12" ci="0" mb="2" cb="0"/><line nr="422" mi="8" ci="0" mb="2" cb="0"/><line nr="423" mi="4" ci="0" mb="0" cb="0"/><line nr="424" mi="7" ci="0" mb="4" cb="0"/><line nr="425" mi="2" ci="0" mb="0" cb="0"/><line nr="428" mi="2" ci="0" mb="0" cb="0"/><line nr="429" mi="7" ci="0" mb="4" cb="0"/><line nr="430" mi="5" ci="0" mb="0" cb="0"/><line nr="431" mi="4" ci="0" mb="2" cb="0"/><line nr="432" mi="2" ci="0" mb="0" cb="0"/><line nr="435" mi="7" ci="0" mb="0" cb="0"/><line nr="436" mi="11" ci="0" mb="0" cb="0"/><line nr="437" mi="8" ci="0" mb="0" cb="0"/><line nr="438" mi="5" ci="0" mb="0" cb="0"/><line nr="439" mi="11" ci="0" mb="0" cb="0"/><line nr="444" mi="1" ci="0" mb="0" cb="0"/><line nr="446" mi="5" ci="0" mb="0" cb="0"/><line nr="447" mi="3" ci="0" mb="0" cb="0"/><line nr="448" mi="5" ci="0" mb="0" cb="0"/><line nr="449" mi="4" ci="0" mb="0" cb="0"/><line nr="452" mi="8" ci="0" mb="0" cb="0"/><line nr="454" mi="5" ci="0" mb="0" cb="0"/><line nr="455" mi="6" ci="0" mb="0" cb="0"/><line nr="456" mi="3" ci="0" mb="0" cb="0"/><line nr="457" mi="2" ci="0" mb="2" cb="0"/><line nr="458" mi="4" ci="0" mb="0" cb="0"/><line nr="459" mi="7" ci="0" mb="0" cb="0"/><line nr="460" mi="5" ci="0" mb="0" cb="0"/><line nr="461" mi="2" ci="0" mb="2" cb="0"/><line nr="462" mi="3" ci="0" mb="0" cb="0"/><line nr="464" mi="1" ci="0" mb="0" cb="0"/><line nr="465" mi="5" ci="0" mb="0" cb="0"/><line nr="468" mi="1" ci="0" mb="0" cb="0"/><line nr="470" mi="5" ci="0" mb="0" cb="0"/><line nr="471" mi="7" ci="0" mb="0" cb="0"/><line nr="473" mi="4" ci="0" mb="0" cb="0"/><line nr="474" mi="11" ci="0" mb="0" cb="0"/><line nr="475" mi="4" ci="0" mb="0" cb="0"/><line nr="476" mi="4" ci="0" mb="0" cb="0"/><line nr="477" mi="9" ci="0" mb="0" cb="0"/><line nr="479" mi="4" ci="0" mb="0" cb="0"/><line nr="480" mi="4" ci="0" mb="0" cb="0"/><line nr="482" mi="3" ci="0" mb="0" cb="0"/><line nr="483" mi="2" ci="0" mb="0" cb="0"/><line nr="484" mi="1" ci="0" mb="0" cb="0"/><line nr="489" mi="7" ci="0" mb="0" cb="0"/><line nr="492" mi="8" ci="0" mb="0" cb="0"/><line nr="493" mi="12" ci="0" mb="0" cb="0"/><line nr="494" mi="5" ci="0" mb="0" cb="0"/><line nr="495" mi="7" ci="0" mb="0" cb="0"/><line nr="496" mi="4" ci="0" mb="0" cb="0"/><line nr="497" mi="4" ci="0" mb="0" cb="0"/><line nr="498" mi="4" ci="0" mb="0" cb="0"/><line nr="501" mi="4" ci="0" mb="0" cb="0"/><line nr="504" mi="4" ci="0" mb="0" cb="0"/><line nr="505" mi="4" ci="0" mb="0" cb="0"/><line nr="508" mi="4" ci="0" mb="0" cb="0"/><line nr="509" mi="4" ci="0" mb="0" cb="0"/><line nr="511" mi="4" ci="0" mb="0" cb="0"/><line nr="512" mi="3" ci="0" mb="0" cb="0"/><line nr="513" mi="2" ci="0" mb="0" cb="0"/><line nr="514" mi="1" ci="0" mb="0" cb="0"/><line nr="517" mi="7" ci="0" mb="0" cb="0"/><line nr="518" mi="9" ci="0" mb="0" cb="0"/><line nr="521" mi="4" ci="0" mb="0" cb="0"/><line nr="522" mi="3" ci="0" mb="0" cb="0"/><line nr="523" mi="3" ci="0" mb="0" cb="0"/><line nr="524" mi="3" ci="0" mb="0" cb="0"/><line nr="525" mi="3" ci="0" mb="0" cb="0"/><line nr="526" mi="3" ci="0" mb="0" cb="0"/><line nr="527" mi="3" ci="0" mb="0" cb="0"/><line nr="528" mi="2" ci="0" mb="2" cb="0"/><line nr="529" mi="3" ci="0" mb="0" cb="0"/><line nr="530" mi="3" ci="0" mb="0" cb="0"/><line nr="533" mi="12" ci="0" mb="2" cb="0"/><line nr="534" mi="9" ci="0" mb="6" cb="0"/><line nr="535" mi="6" ci="0" mb="0" cb="0"/><line nr="536" mi="6" ci="0" mb="4" cb="0"/><line nr="537" mi="7" ci="0" mb="2" cb="0"/><line nr="538" mi="5" ci="0" mb="0" cb="0"/><line nr="540" mi="1" ci="0" mb="0" cb="0"/><line nr="542" mi="5" ci="0" mb="0" cb="0"/><line nr="543" mi="3" ci="0" mb="0" cb="0"/><line nr="544" mi="3" ci="0" mb="0" cb="0"/><line nr="547" mi="3" ci="0" mb="0" cb="0"/><line nr="549" mi="5" ci="0" mb="0" cb="0"/><line nr="550" mi="4" ci="0" mb="0" cb="0"/><line nr="553" mi="8" ci="0" mb="0" cb="0"/><line nr="556" mi="5" ci="0" mb="0" cb="0"/><line nr="557" mi="6" ci="0" mb="0" cb="0"/><line nr="558" mi="3" ci="0" mb="0" cb="0"/><line nr="559" mi="2" ci="0" mb="2" cb="0"/><line nr="560" mi="4" ci="0" mb="0" cb="0"/><line nr="561" mi="7" ci="0" mb="0" cb="0"/><line nr="562" mi="5" ci="0" mb="0" cb="0"/><line nr="563" mi="2" ci="0" mb="2" cb="0"/><line nr="564" mi="3" ci="0" mb="0" cb="0"/><line nr="566" mi="1" ci="0" mb="0" cb="0"/><line nr="567" mi="5" ci="0" mb="0" cb="0"/><line nr="570" mi="1" ci="0" mb="0" cb="0"/><line nr="571" mi="4" ci="0" mb="0" cb="0"/><line nr="573" mi="2" ci="0" mb="2" cb="0"/><line nr="574" mi="5" ci="0" mb="0" cb="0"/><line nr="575" mi="6" ci="0" mb="0" cb="0"/><line nr="576" mi="3" ci="0" mb="0" cb="0"/><line nr="577" mi="2" ci="0" mb="2" cb="0"/><line nr="578" mi="4" ci="0" mb="0" cb="0"/><line nr="579" mi="7" ci="0" mb="0" cb="0"/><line nr="580" mi="6" ci="0" mb="0" cb="0"/><line nr="581" mi="5" ci="0" mb="0" cb="0"/><line nr="582" mi="2" ci="0" mb="0" cb="0"/><line nr="583" mi="1" ci="0" mb="0" cb="0"/><line nr="584" mi="5" ci="0" mb="0" cb="0"/><line nr="586" mi="1" ci="0" mb="0" cb="0"/><line nr="587" mi="4" ci="0" mb="0" cb="0"/><line nr="590" mi="5" ci="0" mb="0" cb="0"/><line nr="591" mi="7" ci="0" mb="0" cb="0"/><line nr="592" mi="4" ci="0" mb="0" cb="0"/><line nr="595" mi="8" ci="0" mb="0" cb="0"/><line nr="596" mi="3" ci="0" mb="0" cb="0"/><line nr="597" mi="2" ci="0" mb="0" cb="0"/><line nr="598" mi="8" ci="0" mb="2" cb="0"/><line nr="599" mi="9" ci="0" mb="0" cb="0"/><line nr="600" mi="5" ci="0" mb="0" cb="0"/><line nr="603" mi="11" ci="0" mb="0" cb="0"/><line nr="604" mi="7" ci="0" mb="0" cb="0"/><line nr="605" mi="4" ci="0" mb="0" cb="0"/><line nr="607" mi="7" ci="0" mb="0" cb="0"/><line nr="608" mi="4" ci="0" mb="0" cb="0"/><line nr="609" mi="4" ci="0" mb="0" cb="0"/><line nr="611" mi="4" ci="0" mb="0" cb="0"/><line nr="612" mi="2" ci="0" mb="0" cb="0"/><line nr="617" mi="2" ci="0" mb="2" cb="0"/><line nr="618" mi="2" ci="0" mb="0" cb="0"/><line nr="619" mi="4" ci="0" mb="2" cb="0"/><line nr="620" mi="3" ci="0" mb="0" cb="0"/><line nr="621" mi="4" ci="0" mb="2" cb="0"/><line nr="622" mi="4" ci="0" mb="0" cb="0"/><line nr="625" mi="5" ci="0" mb="0" cb="0"/><line nr="626" mi="11" ci="0" mb="0" cb="0"/><line nr="627" mi="8" ci="0" mb="0" cb="0"/><line nr="628" mi="5" ci="0" mb="0" cb="0"/><line nr="629" mi="6" ci="0" mb="0" cb="0"/><line nr="630" mi="6" ci="0" mb="0" cb="0"/><line nr="631" mi="5" ci="0" mb="0" cb="0"/><line nr="632" mi="8" ci="0" mb="0" cb="0"/><line nr="635" mi="1" ci="0" mb="0" cb="0"/><line nr="636" mi="5" ci="0" mb="0" cb="0"/><line nr="637" mi="11" ci="0" mb="0" cb="0"/><line nr="638" mi="8" ci="0" mb="0" cb="0"/><line nr="639" mi="5" ci="0" mb="0" cb="0"/><line nr="640" mi="6" ci="0" mb="0" cb="0"/><line nr="641" mi="6" ci="0" mb="0" cb="0"/><line nr="642" mi="3" ci="0" mb="0" cb="0"/><line nr="645" mi="3" ci="0" mb="0" cb="0"/><line nr="646" mi="1" ci="0" mb="0" cb="0"/><line nr="650" mi="7" ci="0" mb="0" cb="0"/><line nr="653" mi="8" ci="0" mb="0" cb="0"/><line nr="654" mi="12" ci="0" mb="0" cb="0"/><line nr="655" mi="5" ci="0" mb="0" cb="0"/><line nr="656" mi="7" ci="0" mb="0" cb="0"/><line nr="657" mi="4" ci="0" mb="0" cb="0"/><line nr="658" mi="4" ci="0" mb="0" cb="0"/><line nr="659" mi="4" ci="0" mb="0" cb="0"/><line nr="662" mi="4" ci="0" mb="0" cb="0"/><line nr="665" mi="4" ci="0" mb="0" cb="0"/><line nr="666" mi="4" ci="0" mb="0" cb="0"/><line nr="669" mi="4" ci="0" mb="0" cb="0"/><line nr="670" mi="4" ci="0" mb="0" cb="0"/><line nr="673" mi="4" ci="0" mb="0" cb="0"/><line nr="674" mi="4" ci="0" mb="0" cb="0"/><line nr="676" mi="4" ci="0" mb="0" cb="0"/><line nr="677" mi="3" ci="0" mb="0" cb="0"/><line nr="678" mi="2" ci="0" mb="0" cb="0"/><line nr="679" mi="1" ci="0" mb="0" cb="0"/><line nr="682" mi="7" ci="0" mb="0" cb="0"/><line nr="683" mi="9" ci="0" mb="0" cb="0"/><line nr="686" mi="4" ci="0" mb="0" cb="0"/><line nr="687" mi="3" ci="0" mb="0" cb="0"/><line nr="688" mi="3" ci="0" mb="0" cb="0"/><line nr="689" mi="3" ci="0" mb="0" cb="0"/><line nr="690" mi="3" ci="0" mb="0" cb="0"/><line nr="691" mi="3" ci="0" mb="0" cb="0"/><line nr="692" mi="3" ci="0" mb="0" cb="0"/><line nr="693" mi="3" ci="0" mb="0" cb="0"/><line nr="694" mi="4" ci="0" mb="2" cb="0"/><line nr="695" mi="3" ci="0" mb="0" cb="0"/><line nr="696" mi="4" ci="0" mb="2" cb="0"/><line nr="697" mi="3" ci="0" mb="0" cb="0"/><line nr="701" mi="2" ci="0" mb="0" cb="0"/><line nr="702" mi="12" ci="0" mb="2" cb="0"/><line nr="703" mi="2" ci="0" mb="0" cb="0"/><line nr="704" mi="11" ci="0" mb="6" cb="0"/><line nr="705" mi="3" ci="0" mb="0" cb="0"/><line nr="706" mi="8" ci="0" mb="4" cb="0"/><line nr="707" mi="3" ci="0" mb="0" cb="0"/><line nr="708" mi="8" ci="0" mb="4" cb="0"/><line nr="709" mi="2" ci="0" mb="0" cb="0"/><line nr="712" mi="2" ci="0" mb="2" cb="0"/><line nr="714" mi="4" ci="0" mb="2" cb="0"/><line nr="715" mi="5" ci="0" mb="0" cb="0"/><line nr="716" mi="11" ci="0" mb="0" cb="0"/><line nr="717" mi="8" ci="0" mb="0" cb="0"/><line nr="718" mi="5" ci="0" mb="0" cb="0"/><line nr="719" mi="6" ci="0" mb="0" cb="0"/><line nr="720" mi="6" ci="0" mb="0" cb="0"/><line nr="721" mi="6" ci="0" mb="0" cb="0"/><line nr="722" mi="5" ci="0" mb="0" cb="0"/><line nr="724" mi="4" ci="0" mb="2" cb="0"/><line nr="725" mi="5" ci="0" mb="0" cb="0"/><line nr="726" mi="11" ci="0" mb="0" cb="0"/><line nr="727" mi="8" ci="0" mb="0" cb="0"/><line nr="728" mi="5" ci="0" mb="0" cb="0"/><line nr="729" mi="6" ci="0" mb="0" cb="0"/><line nr="730" mi="6" ci="0" mb="0" cb="0"/><line nr="731" mi="6" ci="0" mb="0" cb="0"/><line nr="732" mi="6" ci="0" mb="0" cb="0"/><line nr="733" mi="5" ci="0" mb="0" cb="0"/><line nr="736" mi="5" ci="0" mb="0" cb="0"/><line nr="737" mi="11" ci="0" mb="0" cb="0"/><line nr="738" mi="8" ci="0" mb="0" cb="0"/><line nr="739" mi="5" ci="0" mb="0" cb="0"/><line nr="740" mi="6" ci="0" mb="0" cb="0"/><line nr="741" mi="6" ci="0" mb="0" cb="0"/><line nr="742" mi="6" ci="0" mb="0" cb="0"/><line nr="743" mi="6" ci="0" mb="0" cb="0"/><line nr="744" mi="6" ci="0" mb="0" cb="0"/><line nr="745" mi="3" ci="0" mb="0" cb="0"/><line nr="748" mi="3" ci="0" mb="0" cb="0"/><line nr="749" mi="5" ci="0" mb="0" cb="0"/><line nr="751" mi="1" ci="0" mb="0" cb="0"/><line nr="753" mi="5" ci="0" mb="0" cb="0"/><line nr="754" mi="3" ci="0" mb="0" cb="0"/><line nr="755" mi="3" ci="0" mb="0" cb="0"/><line nr="756" mi="3" ci="0" mb="0" cb="0"/><line nr="759" mi="4" ci="0" mb="2" cb="0"/><line nr="760" mi="6" ci="0" mb="0" cb="0"/><line nr="763" mi="5" ci="0" mb="0" cb="0"/><line nr="764" mi="4" ci="0" mb="0" cb="0"/><line nr="767" mi="8" ci="0" mb="0" cb="0"/><line nr="770" mi="5" ci="0" mb="0" cb="0"/><line nr="771" mi="6" ci="0" mb="0" cb="0"/><line nr="772" mi="3" ci="0" mb="0" cb="0"/><line nr="773" mi="2" ci="0" mb="2" cb="0"/><line nr="774" mi="4" ci="0" mb="0" cb="0"/><line nr="775" mi="7" ci="0" mb="0" cb="0"/><line nr="776" mi="5" ci="0" mb="0" cb="0"/><line nr="777" mi="2" ci="0" mb="2" cb="0"/><line nr="778" mi="3" ci="0" mb="0" cb="0"/><line nr="780" mi="1" ci="0" mb="0" cb="0"/><line nr="781" mi="5" ci="0" mb="0" cb="0"/><line nr="784" mi="1" ci="0" mb="0" cb="0"/><line nr="785" mi="4" ci="0" mb="0" cb="0"/><line nr="787" mi="4" ci="0" mb="2" cb="0"/><line nr="788" mi="5" ci="0" mb="0" cb="0"/><line nr="789" mi="5" ci="0" mb="0" cb="0"/><line nr="791" mi="6" ci="0" mb="0" cb="0"/><line nr="792" mi="3" ci="0" mb="0" cb="0"/><line nr="793" mi="2" ci="0" mb="2" cb="0"/><line nr="794" mi="4" ci="0" mb="0" cb="0"/><line nr="795" mi="7" ci="0" mb="0" cb="0"/><line nr="796" mi="6" ci="0" mb="0" cb="0"/><line nr="797" mi="5" ci="0" mb="0" cb="0"/><line nr="798" mi="2" ci="0" mb="0" cb="0"/><line nr="799" mi="1" ci="0" mb="0" cb="0"/><line nr="800" mi="5" ci="0" mb="0" cb="0"/><line nr="802" mi="1" ci="0" mb="0" cb="0"/><line nr="804" mi="6" ci="0" mb="0" cb="0"/><line nr="805" mi="3" ci="0" mb="0" cb="0"/><line nr="806" mi="2" ci="0" mb="2" cb="0"/><line nr="807" mi="4" ci="0" mb="0" cb="0"/><line nr="808" mi="5" ci="0" mb="0" cb="0"/><line nr="809" mi="6" ci="0" mb="4" cb="0"/><line nr="810" mi="7" ci="0" mb="0" cb="0"/><line nr="811" mi="7" ci="0" mb="0" cb="0"/><line nr="812" mi="5" ci="0" mb="0" cb="0"/><line nr="813" mi="2" ci="0" mb="0" cb="0"/><line nr="814" mi="3" ci="0" mb="2" cb="0"/><line nr="815" mi="5" ci="0" mb="0" cb="0"/><line nr="817" mi="1" ci="0" mb="0" cb="0"/><line nr="818" mi="5" ci="0" mb="0" cb="0"/><line nr="820" mi="1" ci="0" mb="0" cb="0"/><line nr="822" mi="4" ci="0" mb="0" cb="0"/><line nr="823" mi="4" ci="0" mb="0" cb="0"/><line nr="826" mi="5" ci="0" mb="0" cb="0"/><line nr="827" mi="7" ci="0" mb="0" cb="0"/><line nr="828" mi="4" ci="0" mb="0" cb="0"/><line nr="831" mi="8" ci="0" mb="0" cb="0"/><line nr="832" mi="10" ci="0" mb="0" cb="0"/><line nr="833" mi="15" ci="0" mb="0" cb="0"/><line nr="834" mi="8" ci="0" mb="0" cb="0"/><line nr="835" mi="4" ci="0" mb="0" cb="0"/><line nr="837" mi="7" ci="0" mb="0" cb="0"/><line nr="838" mi="4" ci="0" mb="0" cb="0"/><line nr="839" mi="4" ci="0" mb="0" cb="0"/><line nr="841" mi="4" ci="0" mb="0" cb="0"/><line nr="842" mi="2" ci="0" mb="0" cb="0"/><counter type="INSTRUCTION" missed="2602" covered="0"/><counter type="BRANCH" missed="136" covered="0"/><counter type="LINE" missed="562" covered="0"/><counter type="COMPLEXITY" missed="101" covered="0"/><counter type="METHOD" missed="33" covered="0"/><counter type="CLASS" missed="2" covered="0"/></sourcefile><sourcefile name="ReceiptHandler.java"><line nr="11" mi="0" ci="2" mb="0" cb="0"/><line nr="13" mi="0" ci="3" mb="0" cb="0"/><line nr="14" mi="0" ci="5" mb="0" cb="0"/><line nr="16" mi="0" ci="1" mb="0" cb="0"/><line nr="21" mi="0" ci="9" mb="0" cb="0"/><line nr="23" mi="0" ci="5" mb="0" cb="0"/><line nr="24" mi="0" ci="1" mb="0" cb="0"/><line nr="27" mi="0" ci="4" mb="0" cb="0"/><line nr="28" mi="0" ci="2" mb="0" cb="2"/><line nr="29" mi="0" ci="6" mb="0" cb="0"/><line nr="32" mi="0" ci="3" mb="0" cb="2"/><line nr="33" mi="0" ci="5" mb="0" cb="0"/><line nr="36" mi="0" ci="6" mb="1" cb="1"/><line nr="37" mi="10" ci="0" mb="0" cb="0"/><line nr="40" mi="0" ci="3" mb="0" cb="0"/><line nr="41" mi="0" ci="1" mb="0" cb="0"/><line nr="45" mi="0" ci="4" mb="0" cb="0"/><line nr="46" mi="0" ci="2" mb="0" cb="2"/><line nr="47" mi="0" ci="6" mb="0" cb="0"/><line nr="50" mi="0" ci="3" mb="1" cb="1"/><line nr="51" mi="5" ci="0" mb="0" cb="0"/><line nr="54" mi="0" ci="6" mb="1" cb="1"/><line nr="55" mi="0" ci="10" mb="0" cb="0"/><line nr="58" mi="4" ci="0" mb="0" cb="0"/><line nr="59" mi="1" ci="0" mb="0" cb="0"/><line nr="62" mi="0" ci="4" mb="0" cb="0"/><line nr="63" mi="0" ci="2" mb="0" cb="2"/><line nr="64" mi="0" ci="6" mb="0" cb="0"/><line nr="67" mi="0" ci="6" mb="1" cb="1"/><line nr="68" mi="10" ci="0" mb="0" cb="0"/><line nr="71" mi="0" ci="3" mb="0" cb="0"/><line nr="72" mi="0" ci="1" mb="0" cb="0"/><line nr="76" mi="0" ci="3" mb="0" cb="0"/><line nr="81" mi="0" ci="11" mb="0" cb="2"/><line nr="83" mi="0" ci="4" mb="1" cb="1"/><line nr="84" mi="0" ci="2" mb="0" cb="0"/><line nr="86" mi="1" ci="0" mb="0" cb="0"/><line nr="88" mi="0" ci="4" mb="0" cb="0"/><line nr="89" mi="0" ci="2" mb="0" cb="0"/><counter type="INSTRUCTION" missed="31" covered="135"/><counter type="BRANCH" missed="5" covered="15"/><counter type="LINE" missed="6" covered="33"/><counter type="COMPLEXITY" missed="5" covered="12"/><counter type="METHOD" missed="0" covered="7"/><counter type="CLASS" missed="0" covered="1"/></sourcefile><sourcefile name="Receipt.java"><line nr="15" mi="0" ci="3" mb="0" cb="0"/><line nr="24" mi="0" ci="2" mb="0" cb="0"/><line nr="26" mi="0" ci="7" mb="0" cb="0"/><line nr="27" mi="0" ci="3" mb="0" cb="0"/><line nr="28" mi="0" ci="3" mb="0" cb="0"/><line nr="29" mi="0" ci="3" mb="0" cb="0"/><line nr="30" mi="0" ci="3" mb="0" cb="0"/><line nr="31" mi="0" ci="3" mb="0" cb="0"/><line nr="32" mi="0" ci="3" mb="0" cb="0"/><line nr="33" mi="0" ci="1" mb="0" cb="0"/><line nr="37" mi="0" ci="3" mb="0" cb="0"/><line nr="38" mi="0" ci="3" mb="0" cb="0"/><line nr="39" mi="0" ci="3" mb="0" cb="0"/><line nr="41" mi="0" ci="5" mb="0" cb="0"/><line nr="42" mi="0" ci="1" mb="0" cb="0"/><line nr="46" mi="0" ci="3" mb="0" cb="0"/><line nr="47" mi="0" ci="3" mb="0" cb="0"/><line nr="48" mi="0" ci="3" mb="0" cb="0"/><line nr="49" mi="0" ci="3" mb="0" cb="0"/><line nr="51" mi="0" ci="7" mb="0" cb="0"/><line nr="52" mi="0" ci="1" mb="0" cb="0"/><line nr="56" mi="0" ci="3" mb="0" cb="0"/><line nr="57" mi="0" ci="3" mb="0" cb="0"/><line nr="59" mi="0" ci="5" mb="0" cb="0"/><line nr="60" mi="0" ci="1" mb="0" cb="0"/><line nr="64" mi="0" ci="3" mb="0" cb="0"/><line nr="69" mi="0" ci="3" mb="0" cb="0"/><line nr="74" mi="0" ci="3" mb="0" cb="0"/><line nr="79" mi="0" ci="3" mb="0" cb="0"/><line nr="84" mi="0" ci="3" mb="0" cb="0"/><line nr="89" mi="0" ci="3" mb="0" cb="0"/><line nr="94" mi="3" ci="0" mb="0" cb="0"/><line nr="99" mi="0" ci="3" mb="0" cb="0"/><line nr="103" mi="0" ci="3" mb="0" cb="0"/><line nr="108" mi="0" ci="3" mb="0" cb="0"/><line nr="113" mi="0" ci="3" mb="0" cb="0"/><line nr="118" mi="0" ci="3" mb="0" cb="0"/><line nr="123" mi="0" ci="3" mb="0" cb="0"/><counter type="INSTRUCTION" missed="3" covered="114"/><counter type="LINE" missed="1" covered="37"/><counter type="COMPLEXITY" missed="1" covered="17"/><counter type="METHOD" missed="1" covered="17"/><counter type="CLASS" missed="0" covered="1"/></sourcefile><counter type="INSTRUCTION" missed="2654" covered="347"/><counter type="BRANCH" missed="141" covered="25"/><counter type="LINE" missed="574" covered="96"/><counter type="COMPLEXITY" missed="110" covered="42"/><counter type="METHOD" missed="37" covered="32"/><counter type="CLASS" missed="3" covered="6"/></package><counter type="INSTRUCTION" missed="2654" covered="347"/><counter type="BRANCH" missed="141" covered="25"/><counter type="LINE" missed="574" covered="96"/><counter type="COMPLEXITY" missed="110" covered="42"/><counter type="METHOD" missed="37" covered="32"/><counter type="CLASS" missed="3" covered="6"/></report>