<?xml version="1.0" encoding="UTF-8"?>
<testsuite xmlns:xsi="http://www.w3.org/2001/XMLSchema-instance" xsi:noNamespaceSchemaLocation="https://maven.apache.org/surefire/maven-surefire-plugin/xsd/surefire-test-report-3.0.xsd" version="3.0" name="project.ReceiptHandlerTest" time="0.059" tests="25" errors="0" skipped="0" failures="0">
  <properties>
[...]
</properties>
  <testcase name="testCannotBeAcceptedBeforeHandling" classname="project.ReceiptHandlerTest" time="0.023"/>
  <testcase name="testSamePersonCantHandleTheirReceipt" classname="project.ReceiptHandlerTest" time="0.002"/>
  <testcase name="testListReceiptForSalesperson" classname="project.ReceiptHandlerTest" time="0"/>
  <testcase name="testStatusUnique" classname="project.ReceiptHandlerTest" time="0.001">
    <system-out><![CDATA[Receipt 5 handled!
Receipt 5 approved!
]]></system-out>
  </testcase>
  <testcase name="testRejectReceipt" classname="project.ReceiptHandlerTest" time="0">
    <system-out><![CDATA[Receipt 7 handled!
Receipt 7 rejected.. 
Reason: rejected...
]]></system-out>
  </testcase>
  <testcase name="testRejectAllowsEmptyReason" classname="project.ReceiptHandlerTest" time="0">
    <system-out><![CDATA[Receipt 8 handled!
Receipt 8 rejected.. 
Reason: 
]]></system-out>
  </testcase>
  <testcase name="testReceiptCantBeRejectedByAccountant" classname="project.ReceiptHandlerTest" time="0">
    <system-out><![CDATA[Receipt 9 handled!
]]></system-out>
  </testcase>
  <testcase name="testReceiptCantBeApprovedBySalesperson" classname="project.ReceiptHandlerTest" time="0.001">
    <system-out><![CDATA[Receipt 10 handled!
]]></system-out>
  </testcase>
  <testcase name="testReceiptCantBeHandledByManager" classname="project.ReceiptHandlerTest" time="0"/>
  <testcase name="testListReceiptForAdministrator" classname="project.ReceiptHandlerTest" time="0"/>
  <testcase name="testApproveRejectHandleThrowWhenReceiptMissing" classname="project.ReceiptHandlerTest" time="0">
    <system-out><![CDATA[Receipt 999 not found
Receipt 999 not found
Receipt 999 not found
]]></system-out>
  </testcase>
  <testcase name="testListReceiptForManager" classname="project.ReceiptHandlerTest" time="0.001">
    <system-out><![CDATA[Receipt 15 handled!
Receipt 16 handled!
Receipt 16 approved!
]]></system-out>
  </testcase>
  <testcase name="testManagerCantRejectOwnReceipt" classname="project.ReceiptHandlerTest" time="0.001">
    <system-out><![CDATA[Receipt 17 handled!
]]></system-out>
  </testcase>
  <testcase name="testHandleReceiptByAccountant" classname="project.ReceiptHandlerTest" time="0.001">
    <system-out><![CDATA[Receipt 18 handled!
]]></system-out>
  </testcase>
  <testcase name="testApproveDoesNotOverwriteAccountant" classname="project.ReceiptHandlerTest" time="0">
    <system-out><![CDATA[Receipt 19 handled!
Receipt 19 approved!
]]></system-out>
  </testcase>
  <testcase name="testApproveReceipt" classname="project.ReceiptHandlerTest" time="0">
    <system-out><![CDATA[Receipt 20 handled!
Receipt 20 approved!
]]></system-out>
  </testcase>
  <testcase name="testRejectReceiptThrowsIfUnauthorized" classname="project.ReceiptHandlerTest" time="0">
    <system-out><![CDATA[Receipt 21 handled!
]]></system-out>
  </testcase>
  <testcase name="testRejectDoesNotOverwriteAccountant" classname="project.ReceiptHandlerTest" time="0">
    <system-out><![CDATA[Receipt 22 handled!
Receipt 22 rejected.. 
Reason: bad
]]></system-out>
  </testcase>
  <testcase name="testCreateReceiptAddsToList" classname="project.ReceiptHandlerTest" time="0.001"/>
  <testcase name="testReceiptCantBeApprovedByAccountant" classname="project.ReceiptHandlerTest" time="0.001">
    <system-out><![CDATA[Receipt 24 handled!
]]></system-out>
  </testcase>
  <testcase name="testListReceiptForAccountant" classname="project.ReceiptHandlerTest" time="0.001">
    <system-out><![CDATA[Receipt 26 handled!
Receipt 27 handled!
Receipt 27 approved!
]]></system-out>
  </testcase>
  <testcase name="testReceiptIdUnique" classname="project.ReceiptHandlerTest" time="0"/>
  <testcase name="testReceiptCantBeHandledBySalesperson" classname="project.ReceiptHandlerTest" time="0"/>
  <testcase name="testReceiptCantBeRejectedBySalesperson" classname="project.ReceiptHandlerTest" time="0">
    <system-out><![CDATA[Receipt 31 handled!
]]></system-out>
  </testcase>
  <testcase name="testManagerCantApproveOwnReceipt" classname="project.ReceiptHandlerTest" time="0">
    <system-out><![CDATA[Receipt 32 handled!
]]></system-out>
  </testcase>
</testsuite>